<?xml version="1.0" encoding="UTF-8"?>
<!-- Generated by org.testng.reporters.JUnitReportReporter -->
<testsuite hostname="LAPTOP-CO6233UV" failures="0" tests="1" name="com.testCase.GET_C2TA" time="2.131" errors="0" timestamp="2022-06-22T14:18:28 IST" skipped="0">
  <testcase classname="com.testCase.GET_C2TA" name="get" time="2.131"/>
  <system-out/>
</testsuite> <!-- com.testCase.GET_C2TA -->
