<?xml version="1.0" encoding="UTF-8"?>
<!-- Generated by org.testng.reporters.JUnitReportReporter -->
<testsuite hostname="LAPTOP-CO6233UV" failures="0" tests="1" name="com.testCase.PUT_C2TA" time="5.150" errors="0" timestamp="2022-06-22T16:11:10 IST" skipped="0">
  <testcase classname="com.testCase.PUT_C2TA" name="put" time="5.150"/>
  <system-out/>
</testsuite> <!-- com.testCase.PUT_C2TA -->
