<?xml version="1.0" encoding="UTF-8"?>
<!-- Generated by org.testng.reporters.JUnitReportReporter -->
<testsuite hostname="LAPTOP-CO6233UV" failures="0" tests="1" name="com.testCase.DELETE_C2TA" time="4.424" errors="0" timestamp="2022-06-22T16:11:38 IST" skipped="0">
  <testcase classname="com.testCase.DELETE_C2TA" name="delete" time="4.424"/>
  <system-out/>
</testsuite> <!-- com.testCase.DELETE_C2TA -->
