<?xml version="1.0" encoding="UTF-8"?>
<!-- Generated by org.testng.reporters.JUnitReportReporter -->
<testsuite hostname="LAPTOP-CO6233UV" failures="0" tests="1" name="com.testCase.POST_C2TA" time="5.375" errors="0" timestamp="2022-06-22T16:09:03 IST" skipped="0">
  <testcase classname="com.testCase.POST_C2TA" name="post" time="5.375"/>
  <system-out/>
</testsuite> <!-- com.testCase.POST_C2TA -->
